[     136ms] [INFO] %cDownload the React DevTools for a better development experience: https://react.dev/link/react-devtools font-weight:bold @ http://localhost:3001/_next/static/chunks/0s00_next_dist_0pfsi_8._.js:2431
[     150ms] [LOG] [HMR] connected @ http://localhost:3001/_next/static/chunks/0s00_next_dist_0pfsi_8._.js:2431
[  710841ms] [LOG] [Fast Refresh] rebuilding @ http://localhost:3001/_next/static/chunks/0s00_next_dist_0pfsi_8._.js:2431
[  711070ms] [LOG] [Fast Refresh] done in 170ms @ http://localhost:3001/_next/static/chunks/0s00_next_dist_0pfsi_8._.js:2431
[  711360ms] [LOG] [Fast Refresh] rebuilding @ http://localhost:3001/_next/static/chunks/0s00_next_dist_0pfsi_8._.js:2431
[  711586ms] [LOG] [Fast Refresh] done in 327ms @ http://localhost:3001/_next/static/chunks/0s00_next_dist_0pfsi_8._.js:2431
[  712020ms] [LOG] [Fast Refresh] rebuilding @ http://localhost:3001/_next/static/chunks/0s00_next_dist_0pfsi_8._.js:2431
[  712937ms] [LOG] [Fast Refresh] done in 1017ms @ http://localhost:3001/_next/static/chunks/0s00_next_dist_0pfsi_8._.js:2431
[  731932ms] [LOG] [Fast Refresh] rebuilding @ http://localhost:3001/_next/static/chunks/0s00_next_dist_0pfsi_8._.js:2431
[  732136ms] [LOG] [Fast Refresh] done in 101ms @ http://localhost:3001/_next/static/chunks/0s00_next_dist_0pfsi_8._.js:2431
[  732320ms] [LOG] [Fast Refresh] rebuilding @ http://localhost:3001/_next/static/chunks/0s00_next_dist_0pfsi_8._.js:2431
[  732372ms] [LOG] [Fast Refresh] done in 153ms @ http://localhost:3001/_next/static/chunks/0s00_next_dist_0pfsi_8._.js:2431
[  732473ms] [LOG] [Fast Refresh] rebuilding @ http://localhost:3001/_next/static/chunks/0s00_next_dist_0pfsi_8._.js:2431
[  732621ms] [LOG] [Fast Refresh] done in 249ms @ http://localhost:3001/_next/static/chunks/0s00_next_dist_0pfsi_8._.js:2431
[  732722ms] [LOG] [Fast Refresh] rebuilding @ http://localhost:3001/_next/static/chunks/0s00_next_dist_0pfsi_8._.js:2431
[  732849ms] [LOG] [Fast Refresh] done in 227ms @ http://localhost:3001/_next/static/chunks/0s00_next_dist_0pfsi_8._.js:2431
[  732950ms] [LOG] [Fast Refresh] rebuilding @ http://localhost:3001/_next/static/chunks/0s00_next_dist_0pfsi_8._.js:2431
[  733308ms] [LOG] [Fast Refresh] done in 459ms @ http://localhost:3001/_next/static/chunks/0s00_next_dist_0pfsi_8._.js:2431
[  733471ms] [LOG] [Fast Refresh] rebuilding @ http://localhost:3001/_next/static/chunks/0s00_next_dist_0pfsi_8._.js:2431
[  733951ms] [LOG] [Fast Refresh] done in 581ms @ http://localhost:3001/_next/static/chunks/0s00_next_dist_0pfsi_8._.js:2431
[  747439ms] [LOG] [Fast Refresh] rebuilding @ http://localhost:3001/_next/static/chunks/0s00_next_dist_0pfsi_8._.js:2431
[  747451ms] [LOG] [Fast Refresh] done in 114ms @ http://localhost:3001/_next/static/chunks/0s00_next_dist_0pfsi_8._.js:2431
[  863863ms] [LOG] [Fast Refresh] rebuilding @ http://localhost:3001/_next/static/chunks/0s00_next_dist_0pfsi_8._.js:2431
[  863891ms] [LOG] [Fast Refresh] done in 47ms @ http://localhost:3001/_next/static/chunks/0s00_next_dist_0pfsi_8._.js:2431
[  999657ms] [LOG] [Fast Refresh] rebuilding @ http://localhost:3001/_next/static/chunks/0s00_next_dist_0pfsi_8._.js:2431
[  999665ms] [LOG] [Fast Refresh] done in 112ms @ http://localhost:3001/_next/static/chunks/0s00_next_dist_0pfsi_8._.js:2431
[ 1455072ms] [LOG] [Fast Refresh] rebuilding @ http://localhost:3001/_next/static/chunks/0s00_next_dist_0pfsi_8._.js:2431
[ 1455099ms] [LOG] [Fast Refresh] done in 39ms @ http://localhost:3001/_next/static/chunks/0s00_next_dist_0pfsi_8._.js:2431
[ 1583333ms] [LOG] [Fast Refresh] rebuilding @ http://localhost:3001/_next/static/chunks/0s00_next_dist_0pfsi_8._.js:2431
[ 1583340ms] [LOG] [Fast Refresh] done in 108ms @ http://localhost:3001/_next/static/chunks/0s00_next_dist_0pfsi_8._.js:2431
